<?xml version="1.0" encoding="UTF-8"?>
<coverage generated="1712873796039" clover="3.2.0">
  <project timestamp="1712873796039" name="All files">
    <metrics statements="23" coveredstatements="23" conditionals="6" coveredconditionals="6" methods="3" coveredmethods="3" elements="32" coveredelements="32" complexity="0" loc="23" ncloc="23" packages="1" files="1" classes="1"/>
    <file name="algorithm.js" path="/home/shallonf/basic-alg/algo/algorithm.js">
      <metrics statements="23" coveredstatements="23" conditionals="6" coveredconditionals="6" methods="3" coveredmethods="3"/>
      <line num="3" count="9" type="stmt"/>
      <line num="4" count="9" type="stmt"/>
      <line num="5" count="9" type="stmt"/>
      <line num="9" count="5" type="stmt"/>
      <line num="10" count="5" type="stmt"/>
      <line num="11" count="5" type="stmt"/>
      <line num="13" count="5" type="stmt"/>
      <line num="14" count="9" type="stmt"/>
      <line num="17" count="9" type="cond" truecount="2" falsecount="0"/>
      <line num="18" count="3" type="stmt"/>
      <line num="19" count="3" type="stmt"/>
      <line num="23" count="6" type="cond" truecount="2" falsecount="0"/>
      <line num="24" count="5" type="stmt"/>
      <line num="28" count="1" type="stmt"/>
      <line num="33" count="2" type="stmt"/>
      <line num="38" count="1" type="stmt"/>
      <line num="39" count="9" type="stmt"/>
      <line num="40" count="9" type="stmt"/>
      <line num="41" count="35" type="cond" truecount="2" falsecount="0"/>
      <line num="42" count="28" type="stmt"/>
      <line num="43" count="28" type="stmt"/>
      <line num="46" count="9" type="stmt"/>
      <line num="49" count="1" type="stmt"/>
    </file>
  </project>
</coverage>
