{"/home/shallonf/basic-alg/algo/algorithm.js": {"path":"/home/shallonf/basic-alg/algo/algorithm.js","statementMap":{"0":{"start":{"line":3,"column":8},"end":{"line":3,"column":22}},"1":{"start":{"line":4,"column":8},"end":{"line":4,"column":24}},"2":{"start":{"line":5,"column":8},"end":{"line":5,"column":32}},"3":{"start":{"line":9,"column":19},"end":{"line":9,"column":20}},"4":{"start":{"line":10,"column":20},"end":{"line":10,"column":35}},"5":{"start":{"line":11,"column":18},"end":{"line":11,"column":19}},"6":{"start":{"line":13,"column":8},"end":{"line":30,"column":9}},"7":{"start":{"line":14,"column":12},"end":{"line":14,"column":49}},"8":{"start":{"line":17,"column":12},"end":{"line":20,"column":13}},"9":{"start":{"line":18,"column":16},"end":{"line":18,"column":39}},"10":{"start":{"line":19,"column":16},"end":{"line":19,"column":23}},"11":{"start":{"line":23,"column":12},"end":{"line":29,"column":13}},"12":{"start":{"line":24,"column":16},"end":{"line":24,"column":31}},"13":{"start":{"line":28,"column":16},"end":{"line":28,"column":32}},"14":{"start":{"line":33,"column":8},"end":{"line":33,"column":32}},"15":{"start":{"line":38,"column":0},"end":{"line":47,"column":1}},"16":{"start":{"line":39,"column":15},"end":{"line":39,"column":25}},"17":{"start":{"line":40,"column":4},"end":{"line":45,"column":5}},"18":{"start":{"line":40,"column":17},"end":{"line":40,"column":18}},"19":{"start":{"line":41,"column":8},"end":{"line":44,"column":9}},"20":{"start":{"line":42,"column":12},"end":{"line":42,"column":34}},"21":{"start":{"line":43,"column":12},"end":{"line":43,"column":24}},"22":{"start":{"line":46,"column":4},"end":{"line":46,"column":13}},"23":{"start":{"line":49,"column":0},"end":{"line":49,"column":21}}},"fnMap":{"0":{"name":"(anonymous_0)","decl":{"start":{"line":2,"column":4},"end":{"line":2,"column":5}},"loc":{"start":{"line":2,"column":18},"end":{"line":6,"column":5}},"line":2},"1":{"name":"(anonymous_1)","decl":{"start":{"line":8,"column":4},"end":{"line":8,"column":5}},"loc":{"start":{"line":8,"column":25},"end":{"line":34,"column":5}},"line":8},"2":{"name":"(anonymous_2)","decl":{"start":{"line":38,"column":19},"end":{"line":38,"column":20}},"loc":{"start":{"line":38,"column":39},"end":{"line":47,"column":1}},"line":38}},"branchMap":{"0":{"loc":{"start":{"line":17,"column":12},"end":{"line":20,"column":13}},"type":"if","locations":[{"start":{"line":17,"column":12},"end":{"line":20,"column":13}},{"start":{},"end":{}}],"line":17},"1":{"loc":{"start":{"line":23,"column":12},"end":{"line":29,"column":13}},"type":"if","locations":[{"start":{"line":23,"column":12},"end":{"line":29,"column":13}},{"start":{"line":27,"column":17},"end":{"line":29,"column":13}}],"line":23},"2":{"loc":{"start":{"line":41,"column":8},"end":{"line":44,"column":9}},"type":"if","locations":[{"start":{"line":41,"column":8},"end":{"line":44,"column":9}},{"start":{},"end":{}}],"line":41}},"s":{"0":9,"1":9,"2":9,"3":5,"4":5,"5":5,"6":5,"7":9,"8":9,"9":3,"10":3,"11":6,"12":5,"13":1,"14":2,"15":1,"16":9,"17":9,"18":9,"19":35,"20":28,"21":28,"22":9,"23":1},"f":{"0":9,"1":5,"2":9},"b":{"0":[3,6],"1":[5,1],"2":[28,7]},"_coverageSchema":"1a1c01bbd47fc00a2c39e90264f33305004495a9","hash":"d8d7ab8dbad89ab04006004f35915e9d33b481c2"}
}
