<?xml version="1.0" encoding="UTF-8"?>
<coverage generated="1712851010491" clover="3.2.0">
  <project timestamp="1712851010491" name="All files">
    <metrics statements="31" coveredstatements="25" conditionals="8" coveredconditionals="8" methods="8" coveredmethods="7" elements="47" coveredelements="40" complexity="0" loc="31" ncloc="31" packages="1" files="1" classes="1"/>
    <file name="linkedlist.js" path="/home/shallonf/basic-alg/linked-list/linkedlist.js">
      <metrics statements="31" coveredstatements="25" conditionals="8" coveredconditionals="8" methods="8" coveredmethods="7"/>
      <line num="3" count="9" type="stmt"/>
      <line num="4" count="9" type="stmt"/>
      <line num="8" count="24" type="stmt"/>
      <line num="9" count="24" type="stmt"/>
      <line num="10" count="24" type="stmt"/>
      <line num="14" count="1" type="stmt"/>
      <line num="15" count="1" type="stmt"/>
      <line num="19" count="7" type="cond" truecount="4" falsecount="0"/>
      <line num="21" count="4" type="stmt"/>
      <line num="22" count="4" type="stmt"/>
      <line num="23" count="5" type="stmt"/>
      <line num="25" count="4" type="stmt"/>
      <line num="29" count="4" type="cond" truecount="2" falsecount="0"/>
      <line num="31" count="3" type="stmt"/>
      <line num="32" count="3" type="cond" truecount="2" falsecount="0"/>
      <line num="34" count="1" type="stmt"/>
      <line num="35" count="1" type="stmt"/>
      <line num="39" count="0" type="stmt"/>
      <line num="40" count="0" type="stmt"/>
      <line num="41" count="0" type="stmt"/>
      <line num="42" count="0" type="stmt"/>
      <line num="43" count="0" type="stmt"/>
      <line num="45" count="0" type="stmt"/>
      <line num="51" count="25" type="stmt"/>
      <line num="52" count="25" type="stmt"/>
      <line num="57" count="1" type="stmt"/>
      <line num="58" count="8" type="stmt"/>
      <line num="59" count="8" type="stmt"/>
      <line num="60" count="21" type="stmt"/>
      <line num="62" count="8" type="stmt"/>
      <line num="65" count="1" type="stmt"/>
    </file>
  </project>
</coverage>
