{"/home/shallonf/basic-alg/linked-list/linkedlist.js": {"path":"/home/shallonf/basic-alg/linked-list/linkedlist.js","statementMap":{"0":{"start":{"line":3,"column":8},"end":{"line":3,"column":24}},"1":{"start":{"line":4,"column":8},"end":{"line":4,"column":23}},"2":{"start":{"line":8,"column":24},"end":{"line":8,"column":59}},"3":{"start":{"line":9,"column":8},"end":{"line":9,"column":27}},"4":{"start":{"line":10,"column":8},"end":{"line":10,"column":21}},"5":{"start":{"line":14,"column":8},"end":{"line":14,"column":34}},"6":{"start":{"line":15,"column":8},"end":{"line":15,"column":21}},"7":{"start":{"line":19,"column":8},"end":{"line":19,"column":58}},"8":{"start":{"line":19,"column":47},"end":{"line":19,"column":58}},"9":{"start":{"line":21,"column":22},"end":{"line":21,"column":31}},"10":{"start":{"line":22,"column":8},"end":{"line":24,"column":9}},"11":{"start":{"line":22,"column":21},"end":{"line":22,"column":22}},"12":{"start":{"line":23,"column":12},"end":{"line":23,"column":34}},"13":{"start":{"line":25,"column":8},"end":{"line":25,"column":22}},"14":{"start":{"line":29,"column":8},"end":{"line":29,"column":56}},"15":{"start":{"line":29,"column":25},"end":{"line":29,"column":56}},"16":{"start":{"line":31,"column":21},"end":{"line":31,"column":47}},"17":{"start":{"line":32,"column":8},"end":{"line":32,"column":37}},"18":{"start":{"line":32,"column":26},"end":{"line":32,"column":37}},"19":{"start":{"line":34,"column":8},"end":{"line":34,"column":56}},"20":{"start":{"line":35,"column":8},"end":{"line":35,"column":21}},"21":{"start":{"line":39,"column":21},"end":{"line":39,"column":23}},"22":{"start":{"line":40,"column":22},"end":{"line":40,"column":31}},"23":{"start":{"line":41,"column":8},"end":{"line":44,"column":9}},"24":{"start":{"line":42,"column":12},"end":{"line":42,"column":53}},"25":{"start":{"line":43,"column":12},"end":{"line":43,"column":34}},"26":{"start":{"line":45,"column":8},"end":{"line":45,"column":36}},"27":{"start":{"line":51,"column":8},"end":{"line":51,"column":26}},"28":{"start":{"line":52,"column":8},"end":{"line":52,"column":24}},"29":{"start":{"line":57,"column":0},"end":{"line":63,"column":1}},"30":{"start":{"line":58,"column":15},"end":{"line":58,"column":31}},"31":{"start":{"line":59,"column":4},"end":{"line":61,"column":5}},"32":{"start":{"line":59,"column":17},"end":{"line":59,"column":34}},"33":{"start":{"line":60,"column":8},"end":{"line":60,"column":34}},"34":{"start":{"line":62,"column":4},"end":{"line":62,"column":13}},"35":{"start":{"line":65,"column":0},"end":{"line":65,"column":27}}},"fnMap":{"0":{"name":"(anonymous_0)","decl":{"start":{"line":2,"column":4},"end":{"line":2,"column":5}},"loc":{"start":{"line":2,"column":18},"end":{"line":5,"column":5}},"line":2},"1":{"name":"(anonymous_1)","decl":{"start":{"line":7,"column":4},"end":{"line":7,"column":5}},"loc":{"start":{"line":7,"column":23},"end":{"line":11,"column":5}},"line":7},"2":{"name":"(anonymous_2)","decl":{"start":{"line":13,"column":4},"end":{"line":13,"column":5}},"loc":{"start":{"line":13,"column":17},"end":{"line":16,"column":5}},"line":13},"3":{"name":"(anonymous_3)","decl":{"start":{"line":18,"column":4},"end":{"line":18,"column":5}},"loc":{"start":{"line":18,"column":22},"end":{"line":26,"column":5}},"line":18},"4":{"name":"(anonymous_4)","decl":{"start":{"line":28,"column":4},"end":{"line":28,"column":5}},"loc":{"start":{"line":28,"column":32},"end":{"line":36,"column":5}},"line":28},"5":{"name":"(anonymous_5)","decl":{"start":{"line":38,"column":4},"end":{"line":38,"column":5}},"loc":{"start":{"line":38,"column":12},"end":{"line":46,"column":5}},"line":38},"6":{"name":"(anonymous_6)","decl":{"start":{"line":50,"column":4},"end":{"line":50,"column":5}},"loc":{"start":{"line":50,"column":29},"end":{"line":53,"column":5}},"line":50},"7":{"name":"(anonymous_7)","decl":{"start":{"line":57,"column":24},"end":{"line":57,"column":25}},"loc":{"start":{"line":57,"column":44},"end":{"line":63,"column":1}},"line":57}},"branchMap":{"0":{"loc":{"start":{"line":19,"column":8},"end":{"line":19,"column":58}},"type":"if","locations":[{"start":{"line":19,"column":8},"end":{"line":19,"column":58}},{"start":{},"end":{}}],"line":19},"1":{"loc":{"start":{"line":19,"column":12},"end":{"line":19,"column":45}},"type":"binary-expr","locations":[{"start":{"line":19,"column":12},"end":{"line":19,"column":21}},{"start":{"line":19,"column":25},"end":{"line":19,"column":45}}],"line":19},"2":{"loc":{"start":{"line":29,"column":8},"end":{"line":29,"column":56}},"type":"if","locations":[{"start":{"line":29,"column":8},"end":{"line":29,"column":56}},{"start":{},"end":{}}],"line":29},"3":{"loc":{"start":{"line":32,"column":8},"end":{"line":32,"column":37}},"type":"if","locations":[{"start":{"line":32,"column":8},"end":{"line":32,"column":37}},{"start":{},"end":{}}],"line":32}},"s":{"0":9,"1":9,"2":24,"3":24,"4":24,"5":1,"6":1,"7":7,"8":3,"9":4,"10":4,"11":4,"12":5,"13":4,"14":4,"15":1,"16":3,"17":3,"18":2,"19":1,"20":1,"21":0,"22":0,"23":0,"24":0,"25":0,"26":0,"27":25,"28":25,"29":1,"30":8,"31":8,"32":8,"33":21,"34":8,"35":1},"f":{"0":9,"1":24,"2":1,"3":7,"4":4,"5":0,"6":25,"7":8},"b":{"0":[3,4],"1":[7,5],"2":[1,3],"3":[2,1]},"_coverageSchema":"1a1c01bbd47fc00a2c39e90264f33305004495a9","hash":"7b2fcd88bae9b352ee965afabaffa2e54f041bdf"}
}
