TN:
SF:linkedlist.js
FN:2,(anonymous_0)
FN:7,(anonymous_1)
FN:13,(anonymous_2)
FN:18,(anonymous_3)
FN:28,(anonymous_4)
FN:38,(anonymous_5)
FN:50,(anonymous_6)
FN:57,(anonymous_7)
FNF:8
FNH:7
FNDA:9,(anonymous_0)
FNDA:24,(anonymous_1)
FNDA:1,(anonymous_2)
FNDA:7,(anonymous_3)
FNDA:4,(anonymous_4)
FNDA:0,(anonymous_5)
FNDA:25,(anonymous_6)
FNDA:8,(anonymous_7)
DA:3,9
DA:4,9
DA:8,24
DA:9,24
DA:10,24
DA:14,1
DA:15,1
DA:19,7
DA:21,4
DA:22,4
DA:23,5
DA:25,4
DA:29,4
DA:31,3
DA:32,3
DA:34,1
DA:35,1
DA:39,0
DA:40,0
DA:41,0
DA:42,0
DA:43,0
DA:45,0
DA:51,25
DA:52,25
DA:57,1
DA:58,8
DA:59,8
DA:60,21
DA:62,8
DA:65,1
LF:31
LH:25
BRDA:19,0,0,3
BRDA:19,0,1,4
BRDA:19,1,0,7
BRDA:19,1,1,5
BRDA:29,2,0,1
BRDA:29,2,1,3
BRDA:32,3,0,2
BRDA:32,3,1,1
BRF:8
BRH:8
end_of_record
